Arguments: 
  /home/gustayo/.nvm/versions/node/v7.10.0/bin/node /home/gustayo/.nvm/versions/node/v7.10.0/bin/yarn add boostrap --ofline

PATH: 
  /home/gustayo/.nvm/versions/node/v7.10.0/bin:/usr/local/sbin:/usr/local/bin:/usr/sbin:/usr/bin:/sbin:/bin:/usr/games:/usr/local/games

Yarn version: 
  0.24.5

Node version: 
  7.10.0

Platform: 
  linux x64

npm manifest: 
  {
    "name": "vue-example",
    "version": "0.1.0",
    "private": true,
    "devDependencies": {
      "@storybook/addon-actions": "^3.0.0",
      "@storybook/addon-knobs": "^3.2.0-alpha.0",
      "@storybook/addon-links": "^3.0.0",
      "@storybook/addon-notes": "^3.2.0-alpha.0",
      "@storybook/addons": "^3.0.0",
      "@storybook/vue": "^3.0.0-alpha.0",
      "babel-core": "^6.0.0",
      "babel-loader": "^6.0.0",
      "babel-plugin-transform-runtime": "^6.23.0",
      "babel-preset-env": "^1.5.1",
      "babel-preset-es2015": "^6.24.1",
      "babel-preset-stage-2": "^6.24.1",
      "cross-env": "^3.0.0",
      "css-loader": "^0.25.0",
      "file-loader": "^0.9.0",
      "vue-hot-reload-api": "^2.1.0",
      "vue-loader": "^12.2.1",
      "vue-style-loader": "^3.0.1",
      "vue-template-compiler": "^2.3.3",
      "vue-waypoint": "^2.4.0",
      "webpack": "^2.6.1",
      "webpack-dev-server": "^2.4.5",
      "worker-loader": "^0.8.0"
    },
    "dependencies": {
      "babel-runtime": "^6.23.0",
      "chess.js": "^0.10.2",
      "chessground": "^6.5.0",
      "deepmerge": "^1.4.4",
      "jquery": "^3.2.1",
      "object-assign": "^4.1.1",
      "vue": "^2.0.0",
      "vue-clock": "^0.3.1",
      "vue-waypoint": "^2.4.0",
      "vue-worker": "^1.2.1",
      "vue2-countdown": "^1.0.8",
      "vuex": "^2.0.0"
    },
    "scripts": {
      "dev": "cross-env NODE_ENV=development webpack-dev-server --open --hot",
      "build": "cross-env NODE_ENV=production webpack --progress --hide-modules",
      "storybook": "start-storybook -p 9009 -s public",
      "build-storybook": "build-storybook -s public"
    }
  }

yarn manifest: 
  No manifest

Lockfile: 
  No lockfile

Trace: 
  Error: getaddrinfo EAI_AGAIN nexus.prod.uci.cu:80
      at Object.exports._errnoException (util.js:1050:11)
      at errnoException (dns.js:33:15)
      at GetAddrInfoReqWrap.onlookup [as oncomplete] (dns.js:73:26)
